0 info it worked if it ends with ok
<<<<<<< HEAD
1 verbose cli [ 'C:\\Program Files\\nodejs\\node.exe',
1 verbose cli   'C:\\Program Files\\nodejs\\node_modules\\npm\\bin\\npm-cli.js',
1 verbose cli   'run-script',
1 verbose cli   'debug' ]
2 info using npm@3.10.10
3 info using node@v6.10.2
=======
1 verbose cli [ '/usr/local/bin/node',
1 verbose cli   '/usr/local/bin/npm',
1 verbose cli   'run-script',
1 verbose cli   'debug' ]
2 info using npm@3.9.3
3 info using node@v6.2.1
>>>>>>> e67b10a36b93780f2464171e3ed737d4d0cf4a07
4 verbose run-script [ 'predebug', 'debug', 'postdebug' ]
5 info lifecycle chore-wars@1.0.0~predebug: chore-wars@1.0.0
6 silly lifecycle chore-wars@1.0.0~predebug: no script for predebug, continuing
7 info lifecycle chore-wars@1.0.0~debug: chore-wars@1.0.0
8 verbose lifecycle chore-wars@1.0.0~debug: unsafe-perm in lifecycle true
<<<<<<< HEAD
9 verbose lifecycle chore-wars@1.0.0~debug: PATH: C:\Program Files\nodejs\node_modules\npm\bin\node-gyp-bin;c:\source\codeworks\chore-wars\server\node_modules\.bin;C:\Windows\system32;C:\Windows;C:\Windows\System32\Wbem;C:\Windows\System32\WindowsPowerShell\v1.0\;C:\Program Files\Broadcom\Broadcom 802.11;C:\Program Files (x86)\Skype\Phone\;C:\Program Files\nodejs\;C:\Program Files\Git\cmd;C:\Program Files\Git\mingw64\bin;C:\Program Files\Git\usr\bin;C:\Program Files\dotnet\;C:\Users\Kaleb\AppData\Roaming\npm;C:\Program Files (x86)\Microsoft VS Code\bin;C:\Program Files (x86)\Heroku\bin
10 verbose lifecycle chore-wars@1.0.0~debug: CWD: c:\source\codeworks\chore-wars\server
11 silly lifecycle chore-wars@1.0.0~debug: Args: [ '/d /s /c', 'babel-node --presets es2015 --debug index.js' ]
=======
9 verbose lifecycle chore-wars@1.0.0~debug: PATH: /usr/local/lib/node_modules/npm/bin/node-gyp-bin:/Users/Elg/source/projects/chore-wars/server/node_modules/.bin:/usr/local/bin:/usr/local/bin:/usr/bin:/bin:/usr/sbin:/sbin:/usr/local/share/dotnet:/Library/Frameworks/Mono.framework/Versions/Current/Commands
10 verbose lifecycle chore-wars@1.0.0~debug: CWD: /Users/Elg/source/projects/chore-wars/server
11 silly lifecycle chore-wars@1.0.0~debug: Args: [ '-c', 'babel-node --presets es2015 --debug index.js' ]
>>>>>>> e67b10a36b93780f2464171e3ed737d4d0cf4a07
12 silly lifecycle chore-wars@1.0.0~debug: Returned: code: 1  signal: null
13 info lifecycle chore-wars@1.0.0~debug: Failed to exec debug script
14 verbose stack Error: chore-wars@1.0.0 debug: `babel-node --presets es2015 --debug index.js`
14 verbose stack Exit status 1
<<<<<<< HEAD
14 verbose stack     at EventEmitter.<anonymous> (C:\Program Files\nodejs\node_modules\npm\lib\utils\lifecycle.js:255:16)
14 verbose stack     at emitTwo (events.js:106:13)
14 verbose stack     at EventEmitter.emit (events.js:191:7)
14 verbose stack     at ChildProcess.<anonymous> (C:\Program Files\nodejs\node_modules\npm\lib\utils\spawn.js:40:14)
14 verbose stack     at emitTwo (events.js:106:13)
14 verbose stack     at ChildProcess.emit (events.js:191:7)
14 verbose stack     at maybeClose (internal/child_process.js:886:16)
14 verbose stack     at Process.ChildProcess._handle.onexit (internal/child_process.js:226:5)
15 verbose pkgid chore-wars@1.0.0
16 verbose cwd c:\source\codeworks\chore-wars\server
17 error Windows_NT 6.1.7601
18 error argv "C:\\Program Files\\nodejs\\node.exe" "C:\\Program Files\\nodejs\\node_modules\\npm\\bin\\npm-cli.js" "run-script" "debug"
19 error node v6.10.2
20 error npm  v3.10.10
=======
14 verbose stack     at EventEmitter.<anonymous> (/usr/local/lib/node_modules/npm/lib/utils/lifecycle.js:245:16)
14 verbose stack     at emitTwo (events.js:106:13)
14 verbose stack     at EventEmitter.emit (events.js:191:7)
14 verbose stack     at ChildProcess.<anonymous> (/usr/local/lib/node_modules/npm/lib/utils/spawn.js:24:14)
14 verbose stack     at emitTwo (events.js:106:13)
14 verbose stack     at ChildProcess.emit (events.js:191:7)
14 verbose stack     at maybeClose (internal/child_process.js:852:16)
14 verbose stack     at Process.ChildProcess._handle.onexit (internal/child_process.js:215:5)
15 verbose pkgid chore-wars@1.0.0
16 verbose cwd /Users/Elg/source/projects/chore-wars/server
17 error Darwin 16.6.0
18 error argv "/usr/local/bin/node" "/usr/local/bin/npm" "run-script" "debug"
19 error node v6.2.1
20 error npm  v3.9.3
>>>>>>> e67b10a36b93780f2464171e3ed737d4d0cf4a07
21 error code ELIFECYCLE
22 error chore-wars@1.0.0 debug: `babel-node --presets es2015 --debug index.js`
22 error Exit status 1
23 error Failed at the chore-wars@1.0.0 debug script 'babel-node --presets es2015 --debug index.js'.
23 error Make sure you have the latest version of node.js and npm installed.
23 error If you do, this is most likely a problem with the chore-wars package,
23 error not with npm itself.
23 error Tell the author that this fails on your system:
23 error     babel-node --presets es2015 --debug index.js
23 error You can get information on how to open an issue for this project with:
23 error     npm bugs chore-wars
23 error Or if that isn't available, you can get their info via:
23 error     npm owner ls chore-wars
23 error There is likely additional logging output above.
24 verbose exit [ 1, true ]
